Copyright 1986-2022 Xilinx, Inc. All Rights Reserved.
----------------------------------------------------------------------------------------------------------
| Tool Version : Vivado v.2022.2 (lin64) Build 3671981 Fri Oct 14 04:59:54 MDT 2022
| Date         : Thu Feb 16 21:54:16 2023
| Host         : marc-System-Product-Name running 64-bit Ubuntu 22.04.1 LTS
| Command      : report_timing -sort_by group -max_paths 100 -path_type summary -file timing.log -verbose
| Design       : falling_sand_game_top
| Device       : 7a35t-cpg236
| Speed File   : -1  PRODUCTION 1.23 2018-06-13
----------------------------------------------------------------------------------------------------------

Timing Report

Startpoint                     Endpoint                       Slack(ns)     
----------------------------------------------------------------------------
VRAM_RAM/ram_reg_1_0/CLKBWRCLK GAME_STATE_RAM/ram_reg_2/WEA[0]
                                                              0.311         
VRAM_RAM/ram_reg_1_0/CLKBWRCLK GAME_STATE_RAM/ram_reg_4/WEA[0]
                                                              0.318         
VRAM_RAM/ram_reg_1_0/CLKBWRCLK GAME_STATE_RAM/ram_reg_0/WEA[0]
                                                              0.360         
VRAM_RAM/ram_reg_1_0/CLKBWRCLK GAME_STATE_RAM/ram_reg_1/ENARDEN
                                                              0.400         
VRAM_RAM/ram_reg_1_0/CLKBWRCLK GAME_STATE_RAM/ram_reg_1/ADDRARDADDR[15]
                                                              0.477         
VRAM_RAM/ram_reg_1_0/CLKBWRCLK GAME_STATE_RAM/ram_reg_0/ENARDEN
                                                              0.497         
VRAM_RAM/ram_reg_1_0/CLKBWRCLK GAME_STATE_RAM/ram_reg_9/ENARDEN
                                                              0.556         
VRAM_RAM/ram_reg_1_0/CLKBWRCLK GAME_STATE_RAM/ram_reg_6/WEA[0]
                                                              0.565         
VRAM_RAM/ram_reg_1_0/CLKBWRCLK GAME_STATE_RAM/ram_reg_8/WEA[0]
                                                              0.580         
VRAM_RAM/ram_reg_1_0/CLKBWRCLK GAME_STATE_RAM/ram_reg_1/ADDRARDADDR[7]
                                                              0.592         
VRAM_RAM/ram_reg_1_0/CLKBWRCLK GAME_STATE_RAM/ram_reg_3/ENARDEN
                                                              0.602         
VRAM_RAM/ram_reg_1_0/CLKBWRCLK GAME_STATE_RAM/ram_reg_7/ENARDEN
                                                              0.607         
VRAM_RAM/ram_reg_1_0/CLKBWRCLK GAME_STATE_RAM/ram_reg_3/ADDRARDADDR[15]
                                                              0.627         
VRAM_RAM/ram_reg_1_0/CLKBWRCLK GAME_STATE_RAM/ram_reg_5/ENARDEN
                                                              0.636         
VRAM_RAM/ram_reg_1_0/CLKBWRCLK GAME_STATE_RAM/ram_reg_3/ADDRARDADDR[7]
                                                              0.694         
VRAM_RAM/ram_reg_1_0/CLKBWRCLK GAME_STATE_RAM/ram_reg_3/ADDRARDADDR[9]
                                                              0.707         
VRAM_RAM/ram_reg_1_0/CLKBWRCLK GAME_STATE_RAM/ram_reg_4/ENARDEN
                                                              0.744         
VRAM_RAM/ram_reg_1_0/CLKBWRCLK GAME_STATE_RAM/ram_reg_5/ADDRARDADDR[7]
                                                              0.746         
VRAM_RAM/ram_reg_1_0/CLKBWRCLK GAME_STATE_RAM/ram_reg_2/ENARDEN
                                                              0.749         
VRAM_RAM/ram_reg_1_0/CLKBWRCLK GAME_STATE_RAM/ram_reg_1/ADDRARDADDR[12]
                                                              0.775         
VRAM_RAM/ram_reg_1_0/CLKBWRCLK GAME_STATE_RAM/ram_reg_0/ADDRARDADDR[7]
                                                              0.783         
VRAM_RAM/ram_reg_1_0/CLKBWRCLK GAME_STATE_RAM/ram_reg_1/ADDRARDADDR[9]
                                                              0.815         
VRAM_RAM/ram_reg_1_0/CLKBWRCLK GAME_STATE_RAM/ram_reg_0/ADDRARDADDR[15]
                                                              0.822         
VRAM_RAM/ram_reg_1_0/CLKBWRCLK GAME_STATE_RAM/ram_reg_1/ADDRARDADDR[10]
                                                              0.850         
VRAM_RAM/ram_reg_1_0/CLKBWRCLK GAME_STATE_RAM/ram_reg_4/ADDRARDADDR[7]
                                                              0.859         
VRAM_RAM/ram_reg_1_0/CLKBWRCLK GAME_STATE_RAM/ram_reg_1/ADDRARDADDR[14]
                                                              0.859         
VRAM_RAM/ram_reg_1_0/CLKBWRCLK GAME_STATE_RAM/ram_reg_3/ADDRARDADDR[10]
                                                              0.865         
VRAM_RAM/ram_reg_1_0/CLKBWRCLK GAME_STATE_RAM/ram_reg_3/ADDRARDADDR[12]
                                                              0.898         
VRAM_RAM/ram_reg_1_0/CLKBWRCLK GAME_STATE_RAM/ram_reg_2/ADDRARDADDR[7]
                                                              0.906         
VRAM_RAM/ram_reg_1_0/CLKBWRCLK GAME_STATE_RAM/ram_reg_2/ADDRARDADDR[12]
                                                              0.917         
VRAM_RAM/ram_reg_1_0/CLKBWRCLK GAME_STATE_RAM/ram_reg_7/ADDRARDADDR[7]
                                                              0.952         
VRAM_RAM/ram_reg_1_0/CLKBWRCLK GAME_STATE_RAM/ram_reg_8/ENARDEN
                                                              0.958         
VRAM_RAM/ram_reg_1_0/CLKBWRCLK GAME_STATE_RAM/ram_reg_0/ADDRARDADDR[12]
                                                              0.961         
VRAM_RAM/ram_reg_1_0/CLKBWRCLK GAME_STATE_RAM/ram_reg_6/ENARDEN
                                                              0.971         
VRAM_RAM/ram_reg_1_0/CLKBWRCLK GAME_STATE_RAM/ram_reg_2/ADDRARDADDR[15]
                                                              0.979         
VRAM_RAM/ram_reg_1_0/CLKBWRCLK GAME_STATE_RAM/ram_reg_4/ADDRARDADDR[9]
                                                              0.982         
VRAM_RAM/ram_reg_1_0/CLKBWRCLK GAME_STATE_RAM/ram_reg_0/ADDRARDADDR[9]
                                                              0.983         
VRAM_RAM/ram_reg_1_0/CLKBWRCLK GAME_STATE_RAM/ram_reg_7/ADDRARDADDR[15]
                                                              0.989         
VRAM_RAM/ram_reg_1_0/CLKBWRCLK GAME_STATE_RAM/ram_reg_7/ADDRARDADDR[12]
                                                              1.014         
VRAM_RAM/ram_reg_1_0/CLKBWRCLK GAME_STATE_RAM/ram_reg_1/ADDRARDADDR[6]
                                                              1.016         
VRAM_RAM/ram_reg_1_0/CLKBWRCLK GAME_STATE_RAM/ram_reg_1/ADDRARDADDR[5]
                                                              1.025         
VRAM_RAM/ram_reg_1_0/CLKBWRCLK GAME_STATE_RAM/ram_reg_9/ADDRARDADDR[7]
                                                              1.043         
VRAM_RAM/ram_reg_1_0/CLKBWRCLK GAME_STATE_RAM/ram_reg_3/ADDRARDADDR[3]
                                                              1.048         
VRAM_RAM/ram_reg_1_0/CLKBWRCLK GAME_STATE_RAM/ram_reg_0/ADDRARDADDR[10]
                                                              1.051         
VRAM_RAM/ram_reg_1_0/CLKBWRCLK GAME_STATE_RAM/ram_reg_9/ADDRARDADDR[15]
                                                              1.052         
VRAM_RAM/ram_reg_1_0/CLKBWRCLK GAME_STATE_RAM/ram_reg_1/ADDRARDADDR[3]
                                                              1.052         
VRAM_RAM/ram_reg_1_0/CLKBWRCLK GAME_STATE_RAM/ram_reg_2/ADDRARDADDR[10]
                                                              1.058         
VRAM_RAM/ram_reg_1_0/CLKBWRCLK GAME_STATE_RAM/ram_reg_2/ADDRARDADDR[9]
                                                              1.059         
VRAM_RAM/ram_reg_1_0/CLKBWRCLK GAME_STATE_RAM/ram_reg_1/ADDRARDADDR[11]
                                                              1.062         
VRAM_RAM/ram_reg_1_0/CLKBWRCLK GAME_STATE_RAM/ram_reg_3/ADDRARDADDR[0]
                                                              1.072         
VRAM_RAM/ram_reg_1_0/CLKBWRCLK GAME_STATE_RAM/ram_reg_5/ADDRARDADDR[9]
                                                              1.074         
VRAM_RAM/ram_reg_1_0/CLKBWRCLK GAME_STATE_RAM/ram_reg_1/ADDRARDADDR[13]
                                                              1.079         
VRAM_RAM/ram_reg_1_0/CLKBWRCLK GAME_STATE_RAM/ram_reg_4/ADDRARDADDR[12]
                                                              1.081         
VRAM_RAM/ram_reg_1_0/CLKBWRCLK GAME_STATE_RAM/ram_reg_3/ADDRARDADDR[6]
                                                              1.081         
VRAM_RAM/ram_reg_1_0/CLKBWRCLK GAME_STATE_RAM/ram_reg_3/ADDRARDADDR[11]
                                                              1.092         
VRAM_RAM/ram_reg_1_0/CLKBWRCLK GAME_STATE_RAM/ram_reg_7/ADDRARDADDR[9]
                                                              1.096         
VRAM_RAM/ram_reg_1_0/CLKBWRCLK GAME_STATE_RAM/ram_reg_0/ADDRARDADDR[6]
                                                              1.104         
VRAM_RAM/ram_reg_1_0/CLKBWRCLK GAME_STATE_RAM/ram_reg_9/ADDRARDADDR[9]
                                                              1.117         
VRAM_RAM/ram_reg_1_0/CLKBWRCLK GAME_STATE_RAM/ram_reg_3/ADDRARDADDR[13]
                                                              1.124         
VRAM_RAM/ram_reg_1_0/CLKBWRCLK GAME_STATE_RAM/ram_reg_0/ADDRARDADDR[5]
                                                              1.145         
VRAM_RAM/ram_reg_1_0/CLKBWRCLK GAME_STATE_RAM/ram_reg_9/ADDRARDADDR[12]
                                                              1.163         
VRAM_RAM/ram_reg_1_0/CLKBWRCLK GAME_STATE_RAM/ram_reg_3/ADDRARDADDR[5]
                                                              1.172         
VRAM_RAM/ram_reg_1_0/CLKBWRCLK GAME_STATE_RAM/ram_reg_1/ADDRARDADDR[0]
                                                              1.173         
VRAM_RAM/ram_reg_1_0/CLKBWRCLK GAME_STATE_RAM/ram_reg_2/ADDRARDADDR[6]
                                                              1.179         
VRAM_RAM/ram_reg_1_0/CLKBWRCLK GAME_STATE_RAM/ram_reg_3/ADDRARDADDR[4]
                                                              1.182         
VRAM_RAM/ram_reg_1_0/CLKBWRCLK GAME_STATE_RAM/ram_reg_7/ADDRARDADDR[6]
                                                              1.184         
VRAM_RAM/ram_reg_1_0/CLKBWRCLK GAME_STATE_RAM/ram_reg_2/ADDRARDADDR[13]
                                                              1.186         
VRAM_RAM/ram_reg_1_0/CLKBWRCLK GAME_STATE_RAM/ram_reg_0/ADDRARDADDR[14]
                                                              1.192         
VRAM_RAM/ram_reg_1_0/CLKBWRCLK GAME_STATE_RAM/ram_reg_0/ADDRARDADDR[8]
                                                              1.192         
VRAM_RAM/ram_reg_1_0/CLKBWRCLK GAME_STATE_RAM/ram_reg_2/ADDRARDADDR[8]
                                                              1.192         
VRAM_RAM/ram_reg_1_0/CLKBWRCLK GAME_STATE_RAM/ram_reg_6/ADDRARDADDR[9]
                                                              1.193         
VRAM_RAM/ram_reg_1_0/CLKBWRCLK GAME_STATE_RAM/ram_reg_3/ADDRARDADDR[14]
                                                              1.196         
VRAM_RAM/ram_reg_1_0/CLKBWRCLK GAME_STATE_RAM/ram_reg_6/ADDRARDADDR[12]
                                                              1.211         
VRAM_RAM/ram_reg_1_0/CLKBWRCLK GAME_STATE_RAM/ram_reg_3/ADDRARDADDR[1]
                                                              1.216         
VRAM_RAM/ram_reg_1_0/CLKBWRCLK GAME_STATE_RAM/ram_reg_2/ADDRARDADDR[5]
                                                              1.217         
VRAM_RAM/ram_reg_1_0/CLKBWRCLK GAME_STATE_RAM/ram_reg_1/ADDRARDADDR[1]
                                                              1.218         
VRAM_RAM/ram_reg_1_0/CLKBWRCLK GAME_STATE_RAM/ram_reg_7/ADDRARDADDR[10]
                                                              1.219         
VRAM_RAM/ram_reg_1_0/CLKBWRCLK GAME_STATE_RAM/ram_reg_0/ADDRARDADDR[13]
                                                              1.220         
VRAM_RAM/ram_reg_1_0/CLKBWRCLK GAME_STATE_RAM/ram_reg_2/ADDRARDADDR[14]
                                                              1.221         
VRAM_RAM/ram_reg_1_0/CLKBWRCLK GAME_STATE_RAM/ram_reg_1/ADDRARDADDR[2]
                                                              1.229         
VRAM_RAM/ram_reg_1_0/CLKBWRCLK GAME_STATE_RAM/ram_reg_3/ADDRARDADDR[2]
                                                              1.236         
VRAM_RAM/ram_reg_1_0/CLKBWRCLK GAME_STATE_RAM/ram_reg_2/ADDRARDADDR[3]
                                                              1.245         
VRAM_RAM/ram_reg_1_0/CLKBWRCLK GAME_STATE_RAM/ram_reg_8/ADDRARDADDR[7]
                                                              1.250         
VRAM_RAM/ram_reg_1_0/CLKBWRCLK GAME_STATE_RAM/ram_reg_6/ADDRARDADDR[15]
                                                              1.251         
VRAM_RAM/ram_reg_1_0/CLKBWRCLK GAME_STATE_RAM/ram_reg_0/ADDRARDADDR[3]
                                                              1.251         
VRAM_RAM/ram_reg_1_0/CLKBWRCLK GAME_STATE_RAM/ram_reg_2/ADDRARDADDR[1]
                                                              1.252         
VRAM_RAM/ram_reg_1_0/CLKBWRCLK GAME_STATE_RAM/ram_reg_4/ADDRARDADDR[10]
                                                              1.254         
VRAM_RAM/ram_reg_1_0/CLKBWRCLK GAME_STATE_RAM/ram_reg_7/ADDRARDADDR[13]
                                                              1.257         
VRAM_RAM/ram_reg_1_0/CLKBWRCLK GAME_STATE_RAM/ram_reg_4/ADDRARDADDR[13]
                                                              1.259         
VRAM_RAM/ram_reg_1_0/CLKBWRCLK GAME_STATE_RAM/ram_reg_0/ADDRARDADDR[11]
                                                              1.264         
VRAM_RAM/ram_reg_1_0/CLKBWRCLK GAME_STATE_RAM/ram_reg_0/ADDRARDADDR[1]
                                                              1.265         
VRAM_RAM/ram_reg_1_0/CLKBWRCLK GAME_STATE_RAM/ram_reg_2/ADDRARDADDR[0]
                                                              1.266         
VRAM_RAM/ram_reg_1_0/CLKBWRCLK GAME_STATE_RAM/ram_reg_0/ADDRARDADDR[0]
                                                              1.272         
VRAM_RAM/ram_reg_1_0/CLKBWRCLK GAME_STATE_RAM/ram_reg_5/ADDRARDADDR[12]
                                                              1.275         
VRAM_RAM/ram_reg_1_0/CLKBWRCLK GAME_STATE_RAM/ram_reg_6/ADDRARDADDR[7]
                                                              1.276         
VRAM_RAM/ram_reg_1_0/CLKBWRCLK GAME_STATE_RAM/ram_reg_9/ADDRARDADDR[10]
                                                              1.276         
VRAM_RAM/ram_reg_1_0/CLKBWRCLK GAME_STATE_RAM/ram_reg_9/ADDRARDADDR[14]
                                                              1.278         
VRAM_RAM/ram_reg_1_0/CLKBWRCLK GAME_STATE_RAM/ram_reg_1/ADDRARDADDR[8]
                                                              1.281         
VRAM_RAM/ram_reg_1_0/CLKBWRCLK GAME_STATE_RAM/ram_reg_4/ADDRARDADDR[0]
                                                              1.283         
VRAM_RAM/ram_reg_1_0/CLKBWRCLK GAME_STATE_RAM/ram_reg_2/ADDRARDADDR[11]
                                                              1.283         



