#-----------------------------------------------------------
# Vivado v2022.2 (64-bit)
# SW Build 3671981 on Fri Oct 14 04:59:54 MDT 2022
# IP Build 3669848 on Fri Oct 14 08:30:02 MDT 2022
# Start of session at: Wed Feb 15 14:43:37 2023
# Process ID: 78708
# Current directory: /home/marc/projects/FPGA_Falling_Sand_Game/src
# Command line: vivado -mode batch -source program.tcl
# Log file: /home/marc/projects/FPGA_Falling_Sand_Game/src/vivado.log
# Journal file: /home/marc/projects/FPGA_Falling_Sand_Game/src/vivado.jou
# Running On: marc-System-Product-Name, OS: Linux, CPU Frequency: 3400.000 MHz, CPU Physical cores: 16, Host memory: 33389 MB
#-----------------------------------------------------------
source program.tcl
# open_hw_manager
# connect_hw_server
INFO: [Labtools 27-2285] Connecting to hw_server url TCP:localhost:3121
INFO: [Labtools 27-2222] Launching hw_server...
INFO: [Labtools 27-2221] Launch Output:

****** Xilinx hw_server v2022.2
  **** Build date : Oct 14 2022 at 05:10:28
    ** Copyright 1986-2022 Xilinx, Inc. All Rights Reserved.


INFO: [Labtools 27-3415] Connecting to cs_server url TCP:localhost:0
INFO: [Labtools 27-3417] Launching cs_server...
INFO: [Labtools 27-2221] Launch Output:


******** Xilinx cs_server v2022.2.0
  ****** Build date   : Oct 04 2022-19:25:37
    **** Build number : 2022.2.1664925937
      ** Copyright 2017-2023 Xilinx, Inc. All Rights Reserved.



# open_hw_target
INFO: [Labtoolstcl 44-466] Opening hw_target localhost:3121/xilinx_tcf/Digilent/210183B79F77A
# set device [lindex [get_hw_devices] 0]
# set_property PROGRAM.FILE { main.bit } [ current_hw_device ] 
# current_hw_device $device
# program_hw_devices $device
INFO: [Labtools 27-3164] End of startup status: HIGH
# refresh_hw_device [lindex [get_hw_devices] 0]
INFO: [Labtools 27-1434] Device xc7a35t (JTAG device index = 0) is programmed with a design that has no supported debug core(s) in it.
# close_hw_target
INFO: [Labtoolstcl 44-464] Closing hw_target localhost:3121/xilinx_tcf/Digilent/210183B79F77A
# close_hw_manager
INFO: [Common 17-206] Exiting Vivado at Wed Feb 15 14:43:44 2023...
